c:\users\student\source\repos\action\debug\vc142.pdb
c:\users\student\source\repos\action\debug\vc142.idb
c:\users\student\source\repos\action\debug\title.obj
c:\users\student\source\repos\action\debug\player.obj
c:\users\student\source\repos\action\debug\main.obj
c:\users\student\source\repos\action\debug\input.obj
c:\users\student\source\repos\action\debug\game.obj
c:\users\student\source\repos\action\debug\fade.obj
c:\users\student\source\repos\action\debug\camera.obj
c:\users\student\source\repos\action\debug\block.obj
c:\users\student\source\repos\action\debug\time.obj
c:\users\student\source\repos\action\debug\action(class).exe
c:\users\student\source\repos\action\debug\action(class).ilk
c:\users\student\source\repos\action\debug\action(class).pdb
c:\users\student\source\repos\action\debug\action(class).tlog\cl.command.1.tlog
c:\users\student\source\repos\action\debug\action(class).tlog\cl.read.1.tlog
c:\users\student\source\repos\action\debug\action(class).tlog\cl.write.1.tlog
c:\users\student\source\repos\action\debug\action(class).tlog\link.command.1.tlog
c:\users\student\source\repos\action\debug\action(class).tlog\link.read.1.tlog
c:\users\student\source\repos\action\debug\action(class).tlog\link.write.1.tlog
